Top board:
Ghastcoiler: 7 / 7
Ghastcoiler: 7 / 7

Bottom board
Ghastcoiler: 7 / 7
Ghastcoiler: 7 / 7

----------- TURN 0 -------------
Attacker: Ghastcoiler: 7 / 0 2
Defender: Ghastcoiler: 7 / 0 3
Top:
Ghastcoiler: 7 / 7
Rat Pack: 2 / 2
Savannah Highmane: 6 / 5
Bottom:
Kaboom Bot: 2 / 2
Harvest Golem: 2 / 3
Ghastcoiler: 7 / 7
------ END OF TURN 0 -------------
----------- TURN 1 -------------
Attacker: Ghastcoiler: 7 / 1 0
Defender: Kaboom Bot: 2 / -5 0
Top:
Ghastcoiler: 7 / 1
Rat Pack: 2 / 2
Savannah Highmane: 6 / 5
Bottom:
Harvest Golem: 2 / 3
Ghastcoiler: 7 / 7
------ END OF TURN 1 -------------
----------- TURN 2 -------------
Attacker: Harvest Golem: 2 / -4 0
Defender: Ghastcoiler: 7 / -1 2
Top:
Harvest Golem: 2 / 3
King Bagurgle: 6 / 3
Rat Pack: 2 / 2
Savannah Highmane: 6 / 5
Bottom:
Damaged Golem: 2 / 1
Ghastcoiler: 7 / 7
------ END OF TURN 2 -------------
----------- TURN 3 -------------
Attacker: Rat Pack: 2 / -5 2
Defender: Ghastcoiler: 7 / 5 1
Top:
Harvest Golem: 2 / 3
King Bagurgle: 6 / 3
Rat: 1 / 1
Rat: 1 / 1
Savannah Highmane: 6 / 5
Bottom:
Damaged Golem: 2 / 1
Ghastcoiler: 7 / 5
------ END OF TURN 3 -------------
----------- TURN 4 -------------
Attacker: Damaged Golem: 2 / 0 0
Defender: Rat: 1 / -1 3
Top:
Harvest Golem: 2 / 3
King Bagurgle: 6 / 3
Rat: 1 / 1
Savannah Highmane: 6 / 5
Bottom:
Ghastcoiler: 7 / 5
------ END OF TURN 4 -------------
----------- TURN 5 -------------
Attacker: Rat: 1 / -6 2
Defender: Ghastcoiler: 7 / 4 0
Top:
Harvest Golem: 2 / 3
King Bagurgle: 6 / 3
Savannah Highmane: 6 / 5
Bottom:
Ghastcoiler: 7 / 4
------ END OF TURN 5 -------------
----------- TURN 6 -------------
Attacker: Ghastcoiler: 7 / -2 2
Defender: Savannah Highmane: 6 / -2 2
Top:
Harvest Golem: 2 / 3
King Bagurgle: 6 / 3
Hyena: 2 / 2
Hyena: 2 / 2
Bottom:
Rat Pack: 2 / 2
Selfless Hero: 2 / 1
------ END OF TURN 6 -------------
----------- TURN 7 -------------
Attacker: Hyena: 2 / 0 2
Defender: Rat Pack: 2 / 0 0
Top:
Harvest Golem: 2 / 3
King Bagurgle: 6 / 3
Hyena: 2 / 2
Bottom:
Rat: 1 / 1
Rat: 1 / 1
Selfless Hero: 2 / 1
------ END OF TURN 7 -------------
----------- TURN 8 -------------
Attacker: Rat: 1 / -1 0
Defender: Hyena: 2 / 1 2
Top:
Harvest Golem: 2 / 3
King Bagurgle: 6 / 3
Hyena: 2 / 1
Bottom:
Rat: 1 / 1
Selfless Hero: 2 / 1
------ END OF TURN 8 -------------
----------- TURN 9 -------------
Attacker: Hyena: 2 / -1 2
Defender: Selfless Hero: 2 / -1 - Divine Shield 1
Top:
Harvest Golem: 2 / 3
King Bagurgle: 6 / 3
Bottom:
Rat: 1 / 1
------ END OF TURN 9 -------------
----------- TURN 10 -------------
Attacker: Rat: 1 / -5 0
Defender: King Bagurgle: 6 / 2 1
Top:
Harvest Golem: 2 / 3
King Bagurgle: 6 / 2
Bottom:

------ END OF TURN 10 -------------
----------- TURN 0 -------------
Attacker: Ghastcoiler: 7 / 0 2
Defender: Ghastcoiler: 7 / 0 2
Top:
Replicating Menace: 3 / 1
Sewer Rat: 3 / 2
Ghastcoiler: 7 / 7
Bottom:
Harvest Golem: 2 / 3
Imprisoner: 3 / 3 - Taunt
Ghastcoiler: 7 / 7
------ END OF TURN 0 -------------
----------- TURN 1 -------------
Attacker: Replicating Menace: 3 / -2 0
Defender: Imprisoner: 3 / 0 - Taunt 1
Top:
Microbot: 1 / 1
Microbot: 1 / 1
Microbot: 1 / 1
Sewer Rat: 3 / 2
Ghastcoiler: 7 / 7
Bottom:
Harvest Golem: 2 / 3
Imp: 1 / 1
Ghastcoiler: 7 / 7
------ END OF TURN 1 -------------
----------- TURN 2 -------------
Attacker: Harvest Golem: 2 / 2 0
Defender: Microbot: 1 / -1 2
Top:
Microbot: 1 / 1
Microbot: 1 / 1
Sewer Rat: 3 / 2
Ghastcoiler: 7 / 7
Bottom:
Harvest Golem: 2 / 2
Imp: 1 / 1
Ghastcoiler: 7 / 7
------ END OF TURN 2 -------------
----------- TURN 3 -------------
Attacker: Microbot: 1 / -1 0
Defender: Harvest Golem: 2 / 1 0
Top:
Microbot: 1 / 1
Sewer Rat: 3 / 2
Ghastcoiler: 7 / 7
Bottom:
Harvest Golem: 2 / 1
Imp: 1 / 1
Ghastcoiler: 7 / 7
------ END OF TURN 3 -------------
----------- TURN 4 -------------
Attacker: Imp: 1 / 0 1
Defender: Microbot: 1 / 0 0
Top:
Sewer Rat: 3 / 2
Ghastcoiler: 7 / 7
Bottom:
Harvest Golem: 2 / 1
Ghastcoiler: 7 / 7
------ END OF TURN 4 -------------
----------- TURN 5 -------------
Attacker: Sewer Rat: 3 / 0 0
Defender: Harvest Golem: 2 / -2 0
Top:
Half-Shell: 2 / 3 - Taunt
Ghastcoiler: 7 / 7
Bottom:
Damaged Golem: 2 / 1
Ghastcoiler: 7 / 7
------ END OF TURN 5 -------------
----------- TURN 6 -------------
Attacker: Ghastcoiler: 7 / 5 1
Defender: Half-Shell: 2 / -4 - Taunt 0
Top:
Ghastcoiler: 7 / 7
Bottom:
Damaged Golem: 2 / 1
Ghastcoiler: 7 / 5
------ END OF TURN 6 -------------
----------- TURN 7 -------------
Attacker: Ghastcoiler: 7 / 5 0
Defender: Damaged Golem: 2 / -6 0
Top:
Ghastcoiler: 7 / 5
Bottom:
Ghastcoiler: 7 / 5
------ END OF TURN 7 -------------
----------- TURN 8 -------------
Attacker: Ghastcoiler: 7 / -2 2
Defender: Ghastcoiler: 7 / -2 2
Top:
King Bagurgle: 6 / 3
Rat Pack: 2 / 2
Bottom:
Replicating Menace: 3 / 1
Omega Buster: 6 / 6
------ END OF TURN 8 -------------
----------- TURN 9 -------------
Attacker: King Bagurgle: 6 / -3 0
Defender: Omega Buster: 6 / 0 1
Top:
Rat Pack: 2 / 2
Bottom:
Replicating Menace: 9 / 7
Microbot: 7 / 7
Microbot: 7 / 7
Microbot: 7 / 7
Microbot: 7 / 7
Microbot: 7 / 7
Microbot: 7 / 7
------ END OF TURN 9 -------------
----------- TURN 10 -------------
Attacker: Replicating Menace: 9 / 5 0
Defender: Rat Pack: 2 / -7 0
Top:
Rat: 1 / 1
Rat: 1 / 1
Bottom:
Replicating Menace: 9 / 5
Microbot: 7 / 7
Microbot: 7 / 7
Microbot: 7 / 7
Microbot: 7 / 7
Microbot: 7 / 7
Microbot: 7 / 7
------ END OF TURN 10 -------------
----------- TURN 11 -------------
Attacker: Rat: 1 / -6 0
Defender: Microbot: 7 / 6 3
Top:
Rat: 1 / 1
Bottom:
Replicating Menace: 9 / 5
Microbot: 7 / 7
Microbot: 7 / 7
Microbot: 7 / 6
Microbot: 7 / 7
Microbot: 7 / 7
Microbot: 7 / 7
------ END OF TURN 11 -------------
----------- TURN 12 -------------
Attacker: Microbot: 7 / 6 1
Defender: Rat: 1 / -6 0
Top:

Bottom:
Replicating Menace: 9 / 5
Microbot: 7 / 6
Microbot: 7 / 7
Microbot: 7 / 6
Microbot: 7 / 7
Microbot: 7 / 7
Microbot: 7 / 7
------ END OF TURN 12 -------------
----------- TURN 0 -------------
Attacker: Ghastcoiler: 7 / 0 2
Defender: Ghastcoiler: 7 / 0 2
Top:
King Bagurgle: 6 / 3
Omega Buster: 6 / 6
Ghastcoiler: 7 / 7
Bottom:
Imprisoner: 3 / 3 - Taunt
Selfless Hero: 2 / 1
Ghastcoiler: 7 / 7
------ END OF TURN 0 -------------
----------- TURN 1 -------------
Attacker: King Bagurgle: 6 / 0 0
Defender: Imprisoner: 3 / -3 - Taunt 0
Top:
Omega Buster: 6 / 6
Ghastcoiler: 7 / 7
Bottom:
Imp: 1 / 1
Selfless Hero: 2 / 1
Ghastcoiler: 7 / 7
------ END OF TURN 1 -------------
----------- TURN 2 -------------
Attacker: Imp: 1 / -6 0
Defender: Ghastcoiler: 7 / 6 1
Top:
Omega Buster: 6 / 6
Ghastcoiler: 7 / 6
Bottom:
Selfless Hero: 2 / 1
Ghastcoiler: 7 / 7
------ END OF TURN 2 -------------
----------- TURN 3 -------------
Attacker: Omega Buster: 6 / -1 0
Defender: Ghastcoiler: 7 / 1 1
Top:
Microbot: 7 / 7
Microbot: 7 / 7
Microbot: 7 / 7
Microbot: 7 / 7
Microbot: 7 / 7
Microbot: 7 / 7
Ghastcoiler: 7 / 6
Bottom:
Selfless Hero: 2 / 1
Ghastcoiler: 7 / 1
------ END OF TURN 3 -------------
----------- TURN 4 -------------
Attacker: Selfless Hero: 2 / -6 - Divine Shield 0
Defender: Ghastcoiler: 7 / 4 6
Top:
Microbot: 7 / 7
Microbot: 7 / 7
Microbot: 7 / 7
Microbot: 7 / 7
Microbot: 7 / 7
Microbot: 7 / 7
Ghastcoiler: 7 / 4
Bottom:
Ghastcoiler: 7 / 1
------ END OF TURN 4 -------------
----------- TURN 5 -------------
Attacker: Microbot: 7 / 0 0
Defender: Ghastcoiler: 7 / -6 2
Top:
Microbot: 7 / 7
Microbot: 7 / 7
Microbot: 7 / 7
Microbot: 7 / 7
Microbot: 7 / 7
Ghastcoiler: 7 / 4
Bottom:
Omega Buster: 6 / 6
Icky Imp: 1 / 1
------ END OF TURN 5 -------------
----------- TURN 6 -------------
Attacker: Omega Buster: 6 / -1 0
Defender: Microbot: 7 / 1 4
Top:
Microbot: 7 / 7
Microbot: 7 / 7
Microbot: 7 / 7
Microbot: 7 / 7
Microbot: 7 / 1
Ghastcoiler: 7 / 4
Bottom:
Microbot: 7 / 7
Microbot: 7 / 7
Microbot: 7 / 7
Microbot: 7 / 7
Microbot: 7 / 7
Microbot: 7 / 7
Icky Imp: 1 / 1
------ END OF TURN 6 -------------
----------- TURN 7 -------------
Attacker: Microbot: 7 / 0 0
Defender: Microbot: 7 / 0 5
Top:
Microbot: 7 / 7
Microbot: 7 / 7
Microbot: 7 / 7
Microbot: 7 / 1
Ghastcoiler: 7 / 4
Bottom:
Microbot: 7 / 7
Microbot: 7 / 7
Microbot: 7 / 7
Microbot: 7 / 7
Microbot: 7 / 7
Icky Imp: 1 / 1
------ END OF TURN 7 -------------
----------- TURN 8 -------------
Attacker: Microbot: 7 / 0 0
Defender: Microbot: 7 / 0 1
Top:
Microbot: 7 / 7
Microbot: 7 / 7
Microbot: 7 / 1
Ghastcoiler: 7 / 4
Bottom:
Microbot: 7 / 7
Microbot: 7 / 7
Microbot: 7 / 7
Microbot: 7 / 7
Icky Imp: 1 / 1
------ END OF TURN 8 -------------
----------- TURN 9 -------------
Attacker: Microbot: 7 / 0 0
Defender: Microbot: 7 / 0 2
Top:
Microbot: 7 / 7
Microbot: 7 / 1
Ghastcoiler: 7 / 4
Bottom:
Microbot: 7 / 7
Microbot: 7 / 7
Microbot: 7 / 7
Icky Imp: 1 / 1
------ END OF TURN 9 -------------
----------- TURN 10 -------------
Attacker: Microbot: 7 / 0 0
Defender: Microbot: 7 / -6 1
Top:
Microbot: 7 / 7
Ghastcoiler: 7 / 4
Bottom:
Microbot: 7 / 7
Microbot: 7 / 7
Icky Imp: 1 / 1
------ END OF TURN 10 -------------
----------- TURN 11 -------------
Attacker: Microbot: 7 / 0 0
Defender: Microbot: 7 / 0 1
Top:
Ghastcoiler: 7 / 4
Bottom:
Microbot: 7 / 7
Icky Imp: 1 / 1
------ END OF TURN 11 -------------
----------- TURN 12 -------------
Attacker: Microbot: 7 / 0 0
Defender: Ghastcoiler: 7 / -3 2
Top:
Harvest Golem: 2 / 3
King Bagurgle: 6 / 3
Bottom:
Icky Imp: 1 / 1
------ END OF TURN 12 -------------
----------- TURN 13 -------------
Attacker: Harvest Golem: 2 / 2 0
Defender: Icky Imp: 1 / -1 0
Top:
Harvest Golem: 2 / 2
King Bagurgle: 6 / 3
Bottom:
Imp: 1 / 1
Imp: 1 / 1
------ END OF TURN 13 -------------
----------- TURN 14 -------------
Attacker: Imp: 1 / -5 0
Defender: King Bagurgle: 6 / 2 1
Top:
Harvest Golem: 2 / 2
King Bagurgle: 6 / 2
Bottom:
Imp: 1 / 1
------ END OF TURN 14 -------------
----------- TURN 15 -------------
Attacker: King Bagurgle: 6 / 1 1
Defender: Imp: 1 / -5 0
Top:
Harvest Golem: 2 / 2
King Bagurgle: 6 / 1
Bottom:

------ END OF TURN 15 -------------
----------- TURN 0 -------------
Attacker: Ghastcoiler: 7 / 0 2
Defender: Ghastcoiler: 7 / 0 2
Top:
Harvest Golem: 2 / 3
Selfless Hero: 2 / 1
Ghastcoiler: 7 / 7
Bottom:
Imprisoner: 3 / 3 - Taunt
Omega Buster: 6 / 6
Ghastcoiler: 7 / 7
------ END OF TURN 0 -------------
----------- TURN 1 -------------
Attacker: Harvest Golem: 2 / 0 0
Defender: Imprisoner: 3 / 1 - Taunt 0
Top:
Damaged Golem: 2 / 1
Selfless Hero: 2 / 1
Ghastcoiler: 7 / 7
Bottom:
Imprisoner: 3 / 1 - Taunt
Omega Buster: 6 / 6
Ghastcoiler: 7 / 7
------ END OF TURN 1 -------------
----------- TURN 2 -------------
Attacker: Imprisoner: 3 / -6 - Taunt 0
Defender: Ghastcoiler: 7 / 4 2
Top:
Damaged Golem: 2 / 1
Selfless Hero: 2 / 1
Ghastcoiler: 7 / 4
Bottom:
Imp: 1 / 1
Omega Buster: 6 / 6
Ghastcoiler: 7 / 7
------ END OF TURN 2 -------------
----------- TURN 3 -------------
Attacker: Damaged Golem: 2 / -6 0
Defender: Ghastcoiler: 7 / 5 2
Top:
Selfless Hero: 2 / 1
Ghastcoiler: 7 / 4
Bottom:
Imp: 1 / 1
Omega Buster: 6 / 6
Ghastcoiler: 7 / 5
------ END OF TURN 3 -------------
----------- TURN 4 -------------
Attacker: Imp: 1 / -1 0
Defender: Selfless Hero: 2 / 0 - Divine Shield 0
Top:
Ghastcoiler: 7 / 4
Bottom:
Omega Buster: 6 / 6
Ghastcoiler: 7 / 5
------ END OF TURN 4 -------------
----------- TURN 5 -------------
Attacker: Ghastcoiler: 7 / -2 2
Defender: Omega Buster: 6 / -1 0
Top:
Imprisoner: 3 / 3 - Taunt
Ring Matron: 6 / 4 - Taunt
Bottom:
Microbot: 7 / 7
Microbot: 7 / 7
Microbot: 7 / 7
Microbot: 7 / 7
Microbot: 7 / 7
Microbot: 7 / 7
Ghastcoiler: 7 / 5
------ END OF TURN 5 -------------
----------- TURN 6 -------------
Attacker: Microbot: 7 / 1 0
Defender: Ring Matron: 6 / -3 - Taunt 1
Top:
Imprisoner: 3 / 3 - Taunt
Imp: 3 / 2
Imp: 3 / 2
Bottom:
Microbot: 7 / 1
Microbot: 7 / 7
Microbot: 7 / 7
Microbot: 7 / 7
Microbot: 7 / 7
Microbot: 7 / 7
Ghastcoiler: 7 / 5
------ END OF TURN 6 -------------
----------- TURN 7 -------------
Attacker: Imprisoner: 3 / -4 - Taunt 0
Defender: Ghastcoiler: 7 / 2 6
Top:
Imp: 1 / 1
Imp: 3 / 2
Imp: 3 / 2
Bottom:
Microbot: 7 / 1
Microbot: 7 / 7
Microbot: 7 / 7
Microbot: 7 / 7
Microbot: 7 / 7
Microbot: 7 / 7
Ghastcoiler: 7 / 2
------ END OF TURN 7 -------------
----------- TURN 8 -------------
Attacker: Microbot: 7 / 4 1
Defender: Imp: 3 / -5 2
Top:
Imp: 1 / 1
Imp: 3 / 2
Bottom:
Microbot: 7 / 1
Microbot: 7 / 4
Microbot: 7 / 7
Microbot: 7 / 7
Microbot: 7 / 7
Microbot: 7 / 7
Ghastcoiler: 7 / 2
------ END OF TURN 8 -------------
----------- TURN 9 -------------
Attacker: Imp: 1 / -6 0
Defender: Microbot: 7 / 6 2
Top:
Imp: 3 / 2
Bottom:
Microbot: 7 / 1
Microbot: 7 / 4
Microbot: 7 / 6
Microbot: 7 / 7
Microbot: 7 / 7
Microbot: 7 / 7
Ghastcoiler: 7 / 2
------ END OF TURN 9 -------------
----------- TURN 10 -------------
Attacker: Microbot: 7 / 3 2
Defender: Imp: 3 / -5 0
Top:

Bottom:
Microbot: 7 / 1
Microbot: 7 / 4
Microbot: 7 / 3
Microbot: 7 / 7
Microbot: 7 / 7
Microbot: 7 / 7
Ghastcoiler: 7 / 2
------ END OF TURN 10 -------------
----------- TURN 0 -------------
Attacker: Ghastcoiler: 7 / 0 2
Defender: Ghastcoiler: 7 / 0 3
Top:
Ghastcoiler: 7 / 7
Omega Buster: 6 / 6
Spawn of N'Zoth: 2 / 2
Bottom:
Ring Matron: 6 / 4 - Taunt
Savannah Highmane: 6 / 5
Ghastcoiler: 7 / 7
------ END OF TURN 0 -------------
----------- TURN 1 -------------
Attacker: Ghastcoiler: 7 / 1 0
Defender: Ring Matron: 6 / -3 - Taunt 0
Top:
Ghastcoiler: 7 / 1
Omega Buster: 6 / 6
Spawn of N'Zoth: 2 / 2
Bottom:
Imp: 3 / 2
Imp: 3 / 2
Savannah Highmane: 6 / 5
Ghastcoiler: 7 / 7
------ END OF TURN 1 -------------
----------- TURN 2 -------------
Attacker: Imp: 3 / -4 0
Defender: Omega Buster: 6 / 3 1
Top:
Ghastcoiler: 7 / 1
Omega Buster: 6 / 3
Spawn of N'Zoth: 2 / 2
Bottom:
Imp: 3 / 2
Savannah Highmane: 6 / 5
Ghastcoiler: 7 / 7
------ END OF TURN 2 -------------
----------- TURN 3 -------------
Attacker: Omega Buster: 6 / -4 1
Defender: Ghastcoiler: 7 / 1 2
Top:
Ghastcoiler: 7 / 1
Microbot: 7 / 7
Microbot: 7 / 7
Microbot: 7 / 7
Microbot: 7 / 7
Microbot: 7 / 7
Spawn of N'Zoth: 2 / 2
Bottom:
Imp: 3 / 2
Savannah Highmane: 6 / 5
Ghastcoiler: 7 / 1
------ END OF TURN 3 -------------
----------- TURN 4 -------------
Attacker: Imp: 3 / -5 0
Defender: Microbot: 7 / 4 1
Top:
Ghastcoiler: 7 / 1
Microbot: 7 / 4
Microbot: 7 / 7
Microbot: 7 / 7
Microbot: 7 / 7
Microbot: 7 / 7
Spawn of N'Zoth: 2 / 2
Bottom:
Savannah Highmane: 6 / 5
Ghastcoiler: 7 / 1
------ END OF TURN 4 -------------
----------- TURN 5 -------------
Attacker: Microbot: 7 / -3 1
Defender: Ghastcoiler: 7 / -6 3
Top:
Ghastcoiler: 7 / 1
Microbot: 7 / 7
Microbot: 7 / 7
Microbot: 7 / 7
Microbot: 7 / 7
Spawn of N'Zoth: 2 / 2
Bottom:
Savannah Highmane: 6 / 5
Imprisoner: 3 / 3 - Taunt
Harvest Golem: 2 / 3
------ END OF TURN 5 -------------
----------- TURN 6 -------------
Attacker: Savannah Highmane: 6 / -2 0
Defender: Microbot: 7 / 1 1
Top:
Ghastcoiler: 7 / 1
Microbot: 7 / 1
Microbot: 7 / 7
Microbot: 7 / 7
Microbot: 7 / 7
Spawn of N'Zoth: 2 / 2
Bottom:
Hyena: 2 / 2
Hyena: 2 / 2
Imprisoner: 3 / 3 - Taunt
Harvest Golem: 2 / 3
------ END OF TURN 6 -------------
----------- TURN 7 -------------
Attacker: Microbot: 7 / -2 1
Defender: Imprisoner: 3 / -4 - Taunt 2
Top:
Ghastcoiler: 7 / 1
Microbot: 7 / 7
Microbot: 7 / 7
Microbot: 7 / 7
Spawn of N'Zoth: 2 / 2
Bottom:
Hyena: 2 / 2
Hyena: 2 / 2
Imp: 1 / 1
Harvest Golem: 2 / 3
------ END OF TURN 7 -------------
----------- TURN 8 -------------
Attacker: Hyena: 2 / -5 0
Defender: Microbot: 7 / 5 2
Top:
Ghastcoiler: 7 / 1
Microbot: 7 / 7
Microbot: 7 / 5
Microbot: 7 / 7
Spawn of N'Zoth: 2 / 2
Bottom:
Hyena: 2 / 2
Imp: 1 / 1
Harvest Golem: 2 / 3
------ END OF TURN 8 -------------
----------- TURN 9 -------------
Attacker: Microbot: 7 / 5 1
Defender: Harvest Golem: 2 / -4 2
Top:
Ghastcoiler: 7 / 1
Microbot: 7 / 5
Microbot: 7 / 5
Microbot: 7 / 7
Spawn of N'Zoth: 2 / 2
Bottom:
Hyena: 2 / 2
Imp: 1 / 1
Damaged Golem: 2 / 1
------ END OF TURN 9 -------------
----------- TURN 10 -------------
Attacker: Hyena: 2 / -5 0
Defender: Microbot: 7 / 5 3
Top:
Ghastcoiler: 7 / 1
Microbot: 7 / 5
Microbot: 7 / 5
Microbot: 7 / 5
Spawn of N'Zoth: 2 / 2
Bottom:
Imp: 1 / 1
Damaged Golem: 2 / 1
------ END OF TURN 10 -------------
----------- TURN 11 -------------
Attacker: Microbot: 7 / 4 2
Defender: Imp: 1 / -6 0
Top:
Ghastcoiler: 7 / 1
Microbot: 7 / 5
Microbot: 7 / 4
Microbot: 7 / 5
Spawn of N'Zoth: 2 / 2
Bottom:
Damaged Golem: 2 / 1
------ END OF TURN 11 -------------
----------- TURN 12 -------------
Attacker: Damaged Golem: 2 / -1 0
Defender: Spawn of N'Zoth: 2 / 0 4
Top:
Ghastcoiler: 8 / 2
Microbot: 8 / 6
Microbot: 8 / 5
Microbot: 8 / 6
Bottom:

------ END OF TURN 12 -------------
----------- TURN 0 -------------
Attacker: Ghastcoiler: 7 / 0 2
Defender: Ghastcoiler: 7 / 0 3
Top:
Ghastcoiler: 7 / 7
Selfless Hero: 2 / 1
King Bagurgle: 6 / 3
Bottom:
Ring Matron: 6 / 4 - Taunt
Kaboom Bot: 2 / 2
Ghastcoiler: 7 / 7
------ END OF TURN 0 -------------
----------- TURN 1 -------------
Attacker: Ghastcoiler: 7 / 1 0
Defender: Ring Matron: 6 / -3 - Taunt 0
Top:
Ghastcoiler: 7 / 1
Selfless Hero: 2 / 1
King Bagurgle: 6 / 3
Bottom:
Imp: 3 / 2
Imp: 3 / 2
Kaboom Bot: 2 / 2
Ghastcoiler: 7 / 7
------ END OF TURN 1 -------------
----------- TURN 2 -------------
Attacker: Imp: 3 / -4 0
Defender: King Bagurgle: 6 / 0 2
Top:
Ghastcoiler: 7 / 1
Selfless Hero: 2 / 1
Bottom:
Imp: 3 / 2
Kaboom Bot: 2 / 2
Ghastcoiler: 7 / 7
------ END OF TURN 2 -------------
----------- TURN 3 -------------
Attacker: Selfless Hero: 2 / -6 1
Defender: Ghastcoiler: 7 / 5 2
Top:
Ghastcoiler: 7 / 1 - Divine Shield
Bottom:
Imp: 3 / 2
Kaboom Bot: 2 / 2
Ghastcoiler: 7 / 5
------ END OF TURN 3 -------------
----------- TURN 4 -------------
Attacker: Imp: 3 / -5 0
Defender: Ghastcoiler: 7 / 1 0
Top:
Ghastcoiler: 7 / 1
Bottom:
Kaboom Bot: 2 / 2
Ghastcoiler: 7 / 5
------ END OF TURN 4 -------------
----------- TURN 5 -------------
Attacker: Ghastcoiler: 7 / -6 2
Defender: Ghastcoiler: 7 / -2 3
Top:
Replicating Menace: 3 / 1
Imprisoner: 3 / 3 - Taunt
Bottom:
Kaboom Bot: 2 / 2
Sewer Rat: 3 / 2
Harvest Golem: 2 / 3
------ END OF TURN 5 -------------
----------- TURN 6 -------------
Attacker: Kaboom Bot: 2 / -1 0
Defender: Imprisoner: 3 / -3 - Taunt 1
Top:
Replicating Menace: 3 / 1
Imp: 1 / 1
Bottom:
Sewer Rat: 3 / 2
Harvest Golem: 2 / 3
------ END OF TURN 6 -------------
----------- TURN 7 -------------
Attacker: Replicating Menace: 3 / -2 0
Defender: Sewer Rat: 3 / -1 0
Top:
Microbot: 1 / 1
Microbot: 1 / 1
Microbot: 1 / 1
Imp: 1 / 1
Bottom:
Half-Shell: 2 / 3 - Taunt
Harvest Golem: 2 / 3
------ END OF TURN 7 -------------
----------- TURN 8 -------------
Attacker: Half-Shell: 2 / 2 - Taunt 0
Defender: Microbot: 1 / -1 0
Top:
Microbot: 1 / 1
Microbot: 1 / 1
Imp: 1 / 1
Bottom:
Half-Shell: 2 / 2 - Taunt
Harvest Golem: 2 / 3
------ END OF TURN 8 -------------
----------- TURN 9 -------------
Attacker: Microbot: 1 / -1 0
Defender: Half-Shell: 2 / 1 - Taunt 0
Top:
Microbot: 1 / 1
Imp: 1 / 1
Bottom:
Half-Shell: 2 / 1 - Taunt
Harvest Golem: 2 / 3
------ END OF TURN 9 -------------
----------- TURN 10 -------------
Attacker: Harvest Golem: 2 / 2 1
Defender: Imp: 1 / -1 1
Top:
Microbot: 1 / 1
Bottom:
Half-Shell: 2 / 1 - Taunt
Harvest Golem: 2 / 2
------ END OF TURN 10 -------------
----------- TURN 11 -------------
Attacker: Microbot: 1 / -1 0
Defender: Half-Shell: 2 / 0 - Taunt 0
Top:

Bottom:
Harvest Golem: 2 / 2
------ END OF TURN 11 -------------
----------- TURN 0 -------------
Attacker: Ghastcoiler: 7 / 0 2
Defender: Ghastcoiler: 7 / 0 2
Top:
Spawn of N'Zoth: 2 / 2
Omega Buster: 6 / 6
Ghastcoiler: 7 / 7
Bottom:
Harvest Golem: 2 / 3
Rat Pack: 2 / 2
Ghastcoiler: 7 / 7
------ END OF TURN 0 -------------
----------- TURN 1 -------------
Attacker: Spawn of N'Zoth: 2 / -5 0
Defender: Ghastcoiler: 7 / 5 2
Top:
Omega Buster: 7 / 7
Ghastcoiler: 8 / 8
Bottom:
Harvest Golem: 2 / 3
Rat Pack: 2 / 2
Ghastcoiler: 7 / 5
------ END OF TURN 1 -------------
----------- TURN 2 -------------
Attacker: Harvest Golem: 2 / -4 0
Defender: Omega Buster: 7 / 5 0
Top:
Omega Buster: 7 / 5
Ghastcoiler: 8 / 8
Bottom:
Damaged Golem: 2 / 1
Rat Pack: 2 / 2
Ghastcoiler: 7 / 5
------ END OF TURN 2 -------------
----------- TURN 3 -------------
Attacker: Omega Buster: 7 / -2 0
Defender: Ghastcoiler: 7 / -2 4
Top:
Microbot: 7 / 7
Microbot: 7 / 7
Microbot: 7 / 7
Microbot: 7 / 7
Microbot: 7 / 7
Microbot: 7 / 7
Ghastcoiler: 8 / 8
Bottom:
Damaged Golem: 2 / 1
Rat Pack: 2 / 2
Imprisoner: 3 / 3 - Taunt
Spawn of N'Zoth: 2 / 2
------ END OF TURN 3 -------------
----------- TURN 4 -------------
Attacker: Damaged Golem: 2 / -6 0
Defender: Microbot: 7 / 5 3
Top:
Microbot: 7 / 7
Microbot: 7 / 7
Microbot: 7 / 7
Microbot: 7 / 5
Microbot: 7 / 7
Microbot: 7 / 7
Ghastcoiler: 8 / 8
Bottom:
Rat Pack: 2 / 2
Imprisoner: 3 / 3 - Taunt
Spawn of N'Zoth: 2 / 2
------ END OF TURN 4 -------------
----------- TURN 5 -------------
Attacker: Microbot: 7 / 4 0
Defender: Imprisoner: 3 / -4 - Taunt 1
Top:
Microbot: 7 / 4
Microbot: 7 / 7
Microbot: 7 / 7
Microbot: 7 / 5
Microbot: 7 / 7
Microbot: 7 / 7
Ghastcoiler: 8 / 8
Bottom:
Rat Pack: 2 / 2
Imp: 1 / 1
Spawn of N'Zoth: 2 / 2
------ END OF TURN 5 -------------
----------- TURN 6 -------------
Attacker: Rat Pack: 2 / -5 0
Defender: Microbot: 7 / 5 4
Top:
Microbot: 7 / 4
Microbot: 7 / 7
Microbot: 7 / 7
Microbot: 7 / 5
Microbot: 7 / 5
Microbot: 7 / 7
Ghastcoiler: 8 / 8
Bottom:
Rat: 1 / 1
Rat: 1 / 1
Imp: 1 / 1
Spawn of N'Zoth: 2 / 2
------ END OF TURN 6 -------------
----------- TURN 7 -------------
Attacker: Microbot: 7 / 6 1
Defender: Rat: 1 / -6 1
Top:
Microbot: 7 / 4
Microbot: 7 / 6
Microbot: 7 / 7
Microbot: 7 / 5
Microbot: 7 / 5
Microbot: 7 / 7
Ghastcoiler: 8 / 8
Bottom:
Rat: 1 / 1
Imp: 1 / 1
Spawn of N'Zoth: 2 / 2
------ END OF TURN 7 -------------
----------- TURN 8 -------------
Attacker: Rat: 1 / -6 0
Defender: Microbot: 7 / 6 2
Top:
Microbot: 7 / 4
Microbot: 7 / 6
Microbot: 7 / 6
Microbot: 7 / 5
Microbot: 7 / 5
Microbot: 7 / 7
Ghastcoiler: 8 / 8
Bottom:
Imp: 1 / 1
Spawn of N'Zoth: 2 / 2
------ END OF TURN 8 -------------
----------- TURN 9 -------------
Attacker: Microbot: 7 / 4 2
Defender: Spawn of N'Zoth: 2 / -5 1
Top:
Microbot: 7 / 4
Microbot: 7 / 6
Microbot: 7 / 4
Microbot: 7 / 5
Microbot: 7 / 5
Microbot: 7 / 7
Ghastcoiler: 8 / 8
Bottom:
Imp: 2 / 2
------ END OF TURN 9 -------------
----------- TURN 10 -------------
Attacker: Imp: 2 / -5 0
Defender: Microbot: 7 / 5 5
Top:
Microbot: 7 / 4
Microbot: 7 / 6
Microbot: 7 / 4
Microbot: 7 / 5
Microbot: 7 / 5
Microbot: 7 / 5
Ghastcoiler: 8 / 8
Bottom:

------ END OF TURN 10 -------------
----------- TURN 0 -------------
Attacker: Ghastcoiler: 7 / 0 2
Defender: Ghastcoiler: 7 / 0 2
Top:
Selfless Hero: 2 / 1
Spawn of N'Zoth: 2 / 2
Ghastcoiler: 7 / 7
Bottom:
Rat Pack: 2 / 2
Ring Matron: 6 / 4 - Taunt
Ghastcoiler: 7 / 7
------ END OF TURN 0 -------------
----------- TURN 1 -------------
Attacker: Selfless Hero: 2 / -5 - Divine Shield 0
Defender: Ring Matron: 6 / 2 - Taunt 1
Top:
Spawn of N'Zoth: 2 / 2
Ghastcoiler: 7 / 7
Bottom:
Rat Pack: 2 / 2
Ring Matron: 6 / 2 - Taunt
Ghastcoiler: 7 / 7
------ END OF TURN 1 -------------
----------- TURN 2 -------------
Attacker: Rat Pack: 2 / 0 0
Defender: Spawn of N'Zoth: 2 / 0 0
Top:
Ghastcoiler: 8 / 8
Bottom:
Rat: 1 / 1
Rat: 1 / 1
Ring Matron: 6 / 2 - Taunt
Ghastcoiler: 7 / 7
------ END OF TURN 2 -------------
----------- TURN 3 -------------
Attacker: Ghastcoiler: 8 / 2 0
Defender: Ring Matron: 6 / -6 - Taunt 2
Top:
Ghastcoiler: 8 / 2
Bottom:
Rat: 1 / 1
Rat: 1 / 1
Imp: 3 / 2
Imp: 3 / 2
Ghastcoiler: 7 / 7
------ END OF TURN 3 -------------
----------- TURN 4 -------------
Attacker: Rat: 1 / -7 0
Defender: Ghastcoiler: 8 / 1 0
Top:
Ghastcoiler: 8 / 1
Bottom:
Rat: 1 / 1
Imp: 3 / 2
Imp: 3 / 2
Ghastcoiler: 7 / 7
------ END OF TURN 4 -------------
----------- TURN 5 -------------
Attacker: Ghastcoiler: 8 / -2 2
Defender: Imp: 3 / -6 1
Top:
Savannah Highmane: 6 / 5
Selfless Hero: 2 / 1
Bottom:
Rat: 1 / 1
Imp: 3 / 2
Ghastcoiler: 7 / 7
------ END OF TURN 5 -------------
----------- TURN 6 -------------
Attacker: Rat: 1 / -1 0
Defender: Selfless Hero: 2 / 0 1
Top:
Savannah Highmane: 6 / 5 - Divine Shield
Bottom:
Imp: 3 / 2
Ghastcoiler: 7 / 7
------ END OF TURN 6 -------------
----------- TURN 7 -------------
Attacker: Savannah Highmane: 6 / 5 0
Defender: Ghastcoiler: 7 / 1 1
Top:
Savannah Highmane: 6 / 5
Bottom:
Imp: 3 / 2
Ghastcoiler: 7 / 1
------ END OF TURN 7 -------------
----------- TURN 8 -------------
Attacker: Imp: 3 / -4 0
Defender: Savannah Highmane: 6 / 2 0
Top:
Savannah Highmane: 6 / 2
Bottom:
Ghastcoiler: 7 / 1
------ END OF TURN 8 -------------
----------- TURN 9 -------------
Attacker: Savannah Highmane: 6 / -5 0
Defender: Ghastcoiler: 7 / -5 2
Top:
Hyena: 2 / 2
Hyena: 2 / 2
Bottom:
Imprisoner: 3 / 3 - Taunt
King Bagurgle: 6 / 3
------ END OF TURN 9 -------------
----------- TURN 10 -------------
Attacker: Imprisoner: 3 / 1 - Taunt 0
Defender: Hyena: 2 / -1 1
Top:
Hyena: 2 / 2
Bottom:
Imprisoner: 3 / 1 - Taunt
King Bagurgle: 6 / 3
------ END OF TURN 10 -------------
----------- TURN 11 -------------
Attacker: Hyena: 2 / -1 0
Defender: Imprisoner: 3 / -1 - Taunt 0
Top:

Bottom:
Imp: 1 / 1
King Bagurgle: 6 / 3
------ END OF TURN 11 -------------
----------- TURN 0 -------------
Attacker: Ghastcoiler: 7 / 0 2
Defender: Ghastcoiler: 7 / 0 2
Top:
Replicating Menace: 3 / 1
Omega Buster: 6 / 6
Ghastcoiler: 7 / 7
Bottom:
Imprisoner: 3 / 3 - Taunt
Rat Pack: 2 / 2
Ghastcoiler: 7 / 7
------ END OF TURN 0 -------------
----------- TURN 1 -------------
Attacker: Replicating Menace: 3 / -2 0
Defender: Imprisoner: 3 / 0 - Taunt 0
Top:
Microbot: 1 / 1
Microbot: 1 / 1
Microbot: 1 / 1
Omega Buster: 6 / 6
Ghastcoiler: 7 / 7
Bottom:
Imp: 1 / 1
Rat Pack: 2 / 2
Ghastcoiler: 7 / 7
------ END OF TURN 1 -------------
----------- TURN 2 -------------
Attacker: Imp: 1 / 0 0
Defender: Microbot: 1 / 0 1
Top:
Microbot: 1 / 1
Microbot: 1 / 1
Omega Buster: 6 / 6
Ghastcoiler: 7 / 7
Bottom:
Rat Pack: 2 / 2
Ghastcoiler: 7 / 7
------ END OF TURN 2 -------------
----------- TURN 3 -------------
Attacker: Microbot: 1 / -1 0
Defender: Rat Pack: 2 / 1 0
Top:
Microbot: 1 / 1
Omega Buster: 6 / 6
Ghastcoiler: 7 / 7
Bottom:
Rat Pack: 2 / 1
Ghastcoiler: 7 / 7
------ END OF TURN 3 -------------
----------- TURN 4 -------------
Attacker: Rat Pack: 2 / 0 0
Defender: Microbot: 1 / -1 0
Top:
Omega Buster: 6 / 6
Ghastcoiler: 7 / 7
Bottom:
Rat: 1 / 1
Rat: 1 / 1
Ghastcoiler: 7 / 7
------ END OF TURN 4 -------------
----------- TURN 5 -------------
Attacker: Omega Buster: 6 / 5 0
Defender: Rat: 1 / -5 1
Top:
Omega Buster: 6 / 5
Ghastcoiler: 7 / 7
Bottom:
Rat: 1 / 1
Ghastcoiler: 7 / 7
------ END OF TURN 5 -------------
----------- TURN 6 -------------
Attacker: Rat: 1 / -6 0
Defender: Ghastcoiler: 7 / 6 1
Top:
Omega Buster: 6 / 5
Ghastcoiler: 7 / 6
Bottom:
Ghastcoiler: 7 / 7
------ END OF TURN 6 -------------
----------- TURN 7 -------------
Attacker: Ghastcoiler: 7 / -1 3
Defender: Ghastcoiler: 7 / 0 2
Top:
Omega Buster: 6 / 5
Sewer Rat: 3 / 2
Ring Matron: 6 / 4 - Taunt
Bottom:
Spawn of N'Zoth: 2 / 2
Imprisoner: 3 / 3 - Taunt
------ END OF TURN 7 -------------
----------- TURN 8 -------------
Attacker: Spawn of N'Zoth: 2 / -4 0
Defender: Ring Matron: 6 / 2 - Taunt 2
Top:
Omega Buster: 6 / 5
Sewer Rat: 3 / 2
Ring Matron: 6 / 2 - Taunt
Bottom:
Imprisoner: 4 / 4 - Taunt
------ END OF TURN 8 -------------
----------- TURN 9 -------------
Attacker: Sewer Rat: 3 / -2 1
Defender: Imprisoner: 4 / 1 - Taunt 0
Top:
Omega Buster: 6 / 5
Half-Shell: 2 / 3 - Taunt
Ring Matron: 6 / 2 - Taunt
Bottom:
Imprisoner: 4 / 1 - Taunt
------ END OF TURN 9 -------------
----------- TURN 10 -------------
Attacker: Imprisoner: 4 / -5 - Taunt 0
Defender: Ring Matron: 6 / -2 - Taunt 2
Top:
Omega Buster: 6 / 5
Half-Shell: 2 / 3 - Taunt
Imp: 3 / 2
Imp: 3 / 2
Bottom:
Imp: 1 / 1
------ END OF TURN 10 -------------
----------- TURN 11 -------------
Attacker: Half-Shell: 2 / 2 - Taunt 1
Defender: Imp: 1 / -1 0
Top:
Omega Buster: 6 / 5
Half-Shell: 2 / 2 - Taunt
Imp: 3 / 2
Imp: 3 / 2
Bottom:

------ END OF TURN 11 -------------
----------- TURN 0 -------------
Attacker: Ghastcoiler: 7 / 0 2
Defender: Ghastcoiler: 7 / 0 3
Top:
Ghastcoiler: 7 / 7
Harvest Golem: 2 / 3
Harvest Golem: 2 / 3
Bottom:
Savannah Highmane: 6 / 5
Harvest Golem: 2 / 3
Ghastcoiler: 7 / 7
------ END OF TURN 0 -------------
----------- TURN 1 -------------
Attacker: Ghastcoiler: 7 / 1 0
Defender: Savannah Highmane: 6 / -2 0
Top:
Ghastcoiler: 7 / 1
Harvest Golem: 2 / 3
Harvest Golem: 2 / 3
Bottom:
Hyena: 2 / 2
Hyena: 2 / 2
Harvest Golem: 2 / 3
Ghastcoiler: 7 / 7
------ END OF TURN 1 -------------
----------- TURN 2 -------------
Attacker: Hyena: 2 / 0 0
Defender: Harvest Golem: 2 / 1 1
Top:
Ghastcoiler: 7 / 1
Harvest Golem: 2 / 1
Harvest Golem: 2 / 3
Bottom:
Hyena: 2 / 2
Harvest Golem: 2 / 3
Ghastcoiler: 7 / 7
------ END OF TURN 2 -------------
----------- TURN 3 -------------
Attacker: Harvest Golem: 2 / -1 1
Defender: Hyena: 2 / 0 0
Top:
Ghastcoiler: 7 / 1
Damaged Golem: 2 / 1
Harvest Golem: 2 / 3
Bottom:
Harvest Golem: 2 / 3
Ghastcoiler: 7 / 7
------ END OF TURN 3 -------------
----------- TURN 4 -------------
Attacker: Harvest Golem: 2 / 1 0
Defender: Harvest Golem: 2 / 1 2
Top:
Ghastcoiler: 7 / 1
Damaged Golem: 2 / 1
Harvest Golem: 2 / 1
Bottom:
Harvest Golem: 2 / 1
Ghastcoiler: 7 / 7
------ END OF TURN 4 -------------
----------- TURN 5 -------------
Attacker: Damaged Golem: 2 / -1 1
Defender: Harvest Golem: 2 / -1 0
Top:
Ghastcoiler: 7 / 1
Harvest Golem: 2 / 1
Bottom:
Damaged Golem: 2 / 1
Ghastcoiler: 7 / 7
------ END OF TURN 5 -------------
----------- TURN 6 -------------
Attacker: Ghastcoiler: 7 / 0 3
Defender: Ghastcoiler: 7 / -6 2
Top:
Kaboom Bot: 2 / 2
Savannah Highmane: 6 / 5
Harvest Golem: 2 / 1
Bottom:
Damaged Golem: 2 / 1
Selfless Hero: 2 / 1
Rat Pack: 2 / 2
------ END OF TURN 6 -------------
----------- TURN 7 -------------
Attacker: Harvest Golem: 2 / -1 2
Defender: Damaged Golem: 2 / -1 0
Top:
Kaboom Bot: 2 / 2
Savannah Highmane: 6 / 5
Damaged Golem: 2 / 1
Bottom:
Selfless Hero: 2 / 1
Rat Pack: 2 / 2
------ END OF TURN 7 -------------
----------- TURN 8 -------------
Attacker: Selfless Hero: 2 / -1 0
Defender: Kaboom Bot: 2 / 0 0
Top:
Savannah Highmane: 6 / 5
Damaged Golem: 2 / 1
Bottom:
Rat Pack: 2 / 2
------ END OF TURN 8 -------------
----------- TURN 9 -------------
Attacker: Damaged Golem: 2 / -1 1
Defender: Rat Pack: 2 / 0 0
Top:
Savannah Highmane: 6 / 5
Bottom:
Rat: 1 / 1
Rat: 1 / 1
------ END OF TURN 9 -------------
----------- TURN 10 -------------
Attacker: Rat: 1 / -5 0
Defender: Savannah Highmane: 6 / 4 0
Top:
Savannah Highmane: 6 / 4
Bottom:
Rat: 1 / 1
------ END OF TURN 10 -------------
----------- TURN 11 -------------
Attacker: Savannah Highmane: 6 / 3 0
Defender: Rat: 1 / -5 0
Top:
Savannah Highmane: 6 / 3
Bottom:

------ END OF TURN 11 -------------
Outcome: [40.0, 0.0, 60.0]
Average damage: [7.25, 0, 8.0]
