Top board:
Ghastcoiler: 7 / 7

Bottom board
Omega Buster: 6 / 6
Microbot: 1 / 1
Microbot: 1 / 1
Microbot: 1 / 1
Microbot: 1 / 1
Microbot: 1 / 1
Microbot: 1 / 1

----------- TURN 0 -------------
Attacker: Omega Buster: 6 / -1 1
Defender: Ghastcoiler: 7 / 1 0
Top:
Ghastcoiler: 7 / 1
Bottom:
Microbot: 6 / 6
Microbot: 6 / 6
Microbot: 6 / 6
Microbot: 6 / 6
Microbot: 6 / 6
Microbot: 6 / 6
Microbot: 6 / 6
------  END OF TURN 0 -------------
----------- TURN 1 -------------
Attacker: Ghastcoiler: 7 / -5 2
Defender: Microbot: 6 / -1 5
Top:
Spawn of N'Zoth: 2 / 2
Omega Buster: 6 / 6
Bottom:
Microbot: 6 / 6
Microbot: 6 / 6
Microbot: 6 / 6
Microbot: 6 / 6
Microbot: 6 / 6
Microbot: 6 / 6
------  END OF TURN 1 -------------
----------- TURN 2 -------------
Attacker: Microbot: 6 / 0 0
Defender: Omega Buster: 6 / 0 7
Top:
Spawn of N'Zoth: 2 / 2
Microbot: 1 / 1
Microbot: 1 / 1
Microbot: 1 / 1
Microbot: 1 / 1
Microbot: 1 / 1
Microbot: 1 / 1
Bottom:
Microbot: 6 / 6
Microbot: 6 / 6
Microbot: 6 / 6
Microbot: 6 / 6
Microbot: 6 / 6
------  END OF TURN 2 -------------
----------- TURN 3 -------------
Attacker: Spawn of N'Zoth: 2 / -4 0
Defender: Microbot: 6 / 4 4
Top:
Microbot: 2 / 2
Microbot: 2 / 2
Microbot: 2 / 2
Microbot: 2 / 2
Microbot: 2 / 2
Microbot: 2 / 2
Bottom:
Microbot: 6 / 6
Microbot: 6 / 6
Microbot: 6 / 6
Microbot: 6 / 6
Microbot: 6 / 4
------  END OF TURN 3 -------------
----------- TURN 4 -------------
Attacker: Microbot: 6 / 4 0
Defender: Microbot: 2 / -4 2
Top:
Microbot: 2 / 2
Microbot: 2 / 2
Microbot: 2 / 2
Microbot: 2 / 2
Microbot: 2 / 2
Bottom:
Microbot: 6 / 4
Microbot: 6 / 6
Microbot: 6 / 6
Microbot: 6 / 6
Microbot: 6 / 4
------  END OF TURN 4 -------------
----------- TURN 5 -------------
Attacker: Microbot: 2 / -4 0
Defender: Microbot: 6 / 4 1
Top:
Microbot: 2 / 2
Microbot: 2 / 2
Microbot: 2 / 2
Microbot: 2 / 2
Bottom:
Microbot: 6 / 4
Microbot: 6 / 4
Microbot: 6 / 6
Microbot: 6 / 6
Microbot: 6 / 4
------  END OF TURN 5 -------------
----------- TURN 6 -------------
Attacker: Microbot: 6 / 2 1
Defender: Microbot: 2 / -4 3
Top:
Microbot: 2 / 2
Microbot: 2 / 2
Microbot: 2 / 2
Bottom:
Microbot: 6 / 4
Microbot: 6 / 2
Microbot: 6 / 6
Microbot: 6 / 6
Microbot: 6 / 4
------  END OF TURN 6 -------------
----------- TURN 7 -------------
Attacker: Microbot: 2 / -4 0
Defender: Microbot: 6 / 4 3
Top:
Microbot: 2 / 2
Microbot: 2 / 2
Bottom:
Microbot: 6 / 4
Microbot: 6 / 2
Microbot: 6 / 6
Microbot: 6 / 4
Microbot: 6 / 4
------  END OF TURN 7 -------------
----------- TURN 8 -------------
Attacker: Microbot: 6 / 4 2
Defender: Microbot: 2 / -4 0
Top:
Microbot: 2 / 2
Bottom:
Microbot: 6 / 4
Microbot: 6 / 2
Microbot: 6 / 4
Microbot: 6 / 4
Microbot: 6 / 4
------  END OF TURN 8 -------------
----------- TURN 9 -------------
Attacker: Microbot: 2 / -4 0
Defender: Microbot: 6 / 2 3
Top:

Bottom:
Microbot: 6 / 4
Microbot: 6 / 2
Microbot: 6 / 4
Microbot: 6 / 2
Microbot: 6 / 4
------  END OF TURN 9 -------------
----------- TURN 0 -------------
Attacker: Omega Buster: 6 / -1 1
Defender: Ghastcoiler: 7 / 1 0
Top:
Ghastcoiler: 7 / 1
Bottom:
Microbot: 6 / 6
Microbot: 6 / 6
Microbot: 6 / 6
Microbot: 6 / 6
Microbot: 6 / 6
Microbot: 6 / 6
Microbot: 6 / 6
------  END OF TURN 0 -------------
----------- TURN 1 -------------
Attacker: Ghastcoiler: 7 / -5 2
Defender: Microbot: 6 / -1 4
Top:
Spawn of N'Zoth: 2 / 2
Omega Buster: 6 / 6
Bottom:
Microbot: 6 / 6
Microbot: 6 / 6
Microbot: 6 / 6
Microbot: 6 / 6
Microbot: 6 / 6
Microbot: 6 / 6
------  END OF TURN 1 -------------
----------- TURN 2 -------------
Attacker: Microbot: 6 / 0 0
Defender: Omega Buster: 6 / 0 7
Top:
Spawn of N'Zoth: 2 / 2
Microbot: 1 / 1
Microbot: 1 / 1
Microbot: 1 / 1
Microbot: 1 / 1
Microbot: 1 / 1
Microbot: 1 / 1
Bottom:
Microbot: 6 / 6
Microbot: 6 / 6
Microbot: 6 / 6
Microbot: 6 / 6
Microbot: 6 / 6
------  END OF TURN 2 -------------
----------- TURN 3 -------------
Attacker: Spawn of N'Zoth: 2 / -4 0
Defender: Microbot: 6 / 4 1
Top:
Microbot: 2 / 2
Microbot: 2 / 2
Microbot: 2 / 2
Microbot: 2 / 2
Microbot: 2 / 2
Microbot: 2 / 2
Bottom:
Microbot: 6 / 6
Microbot: 6 / 4
Microbot: 6 / 6
Microbot: 6 / 6
Microbot: 6 / 6
------  END OF TURN 3 -------------
----------- TURN 4 -------------
Attacker: Microbot: 6 / 4 0
Defender: Microbot: 2 / -4 4
Top:
Microbot: 2 / 2
Microbot: 2 / 2
Microbot: 2 / 2
Microbot: 2 / 2
Microbot: 2 / 2
Bottom:
Microbot: 6 / 4
Microbot: 6 / 4
Microbot: 6 / 6
Microbot: 6 / 6
Microbot: 6 / 6
------  END OF TURN 4 -------------
----------- TURN 5 -------------
Attacker: Microbot: 2 / -4 0
Defender: Microbot: 6 / 4 2
Top:
Microbot: 2 / 2
Microbot: 2 / 2
Microbot: 2 / 2
Microbot: 2 / 2
Bottom:
Microbot: 6 / 4
Microbot: 6 / 4
Microbot: 6 / 4
Microbot: 6 / 6
Microbot: 6 / 6
------  END OF TURN 5 -------------
----------- TURN 6 -------------
Attacker: Microbot: 6 / 2 1
Defender: Microbot: 2 / -4 1
Top:
Microbot: 2 / 2
Microbot: 2 / 2
Microbot: 2 / 2
Bottom:
Microbot: 6 / 4
Microbot: 6 / 2
Microbot: 6 / 4
Microbot: 6 / 6
Microbot: 6 / 6
------  END OF TURN 6 -------------
----------- TURN 7 -------------
Attacker: Microbot: 2 / -4 0
Defender: Microbot: 6 / 2 2
Top:
Microbot: 2 / 2
Microbot: 2 / 2
Bottom:
Microbot: 6 / 4
Microbot: 6 / 2
Microbot: 6 / 2
Microbot: 6 / 6
Microbot: 6 / 6
------  END OF TURN 7 -------------
----------- TURN 8 -------------
Attacker: Microbot: 6 / 0 2
Defender: Microbot: 2 / -4 1
Top:
Microbot: 2 / 2
Bottom:
Microbot: 6 / 4
Microbot: 6 / 2
Microbot: 6 / 6
Microbot: 6 / 6
------  END OF TURN 8 -------------
----------- TURN 9 -------------
Attacker: Microbot: 2 / -4 0
Defender: Microbot: 6 / 0 1
Top:

Bottom:
Microbot: 6 / 4
Microbot: 6 / 6
Microbot: 6 / 6
------  END OF TURN 9 -------------
----------- TURN 0 -------------
Attacker: Omega Buster: 6 / -1 1
Defender: Ghastcoiler: 7 / 1 0
Top:
Ghastcoiler: 7 / 1
Bottom:
Microbot: 6 / 6
Microbot: 6 / 6
Microbot: 6 / 6
Microbot: 6 / 6
Microbot: 6 / 6
Microbot: 6 / 6
Microbot: 6 / 6
------  END OF TURN 0 -------------
----------- TURN 1 -------------
Attacker: Ghastcoiler: 7 / -5 2
Defender: Microbot: 6 / -1 3
Top:
Omega Buster: 6 / 6
Omega Buster: 6 / 6
Bottom:
Microbot: 6 / 6
Microbot: 6 / 6
Microbot: 6 / 6
Microbot: 6 / 6
Microbot: 6 / 6
Microbot: 6 / 6
------  END OF TURN 1 -------------
----------- TURN 2 -------------
Attacker: Microbot: 6 / 0 0
Defender: Omega Buster: 6 / 0 6
Top:
Microbot: 1 / 1
Microbot: 1 / 1
Microbot: 1 / 1
Microbot: 1 / 1
Microbot: 1 / 1
Microbot: 1 / 1
Omega Buster: 6 / 6
Bottom:
Microbot: 6 / 6
Microbot: 6 / 6
Microbot: 6 / 6
Microbot: 6 / 6
Microbot: 6 / 6
------  END OF TURN 2 -------------
----------- TURN 3 -------------
Attacker: Microbot: 1 / -5 0
Defender: Microbot: 6 / 5 4
Top:
Microbot: 1 / 1
Microbot: 1 / 1
Microbot: 1 / 1
Microbot: 1 / 1
Microbot: 1 / 1
Omega Buster: 6 / 6
Bottom:
Microbot: 6 / 6
Microbot: 6 / 6
Microbot: 6 / 6
Microbot: 6 / 6
Microbot: 6 / 5
------  END OF TURN 3 -------------
----------- TURN 4 -------------
Attacker: Microbot: 6 / 5 0
Defender: Microbot: 1 / -5 2
Top:
Microbot: 1 / 1
Microbot: 1 / 1
Microbot: 1 / 1
Microbot: 1 / 1
Omega Buster: 6 / 6
Bottom:
Microbot: 6 / 5
Microbot: 6 / 6
Microbot: 6 / 6
Microbot: 6 / 6
Microbot: 6 / 5
------  END OF TURN 4 -------------
----------- TURN 5 -------------
Attacker: Microbot: 1 / -5 0
Defender: Microbot: 6 / 5 2
Top:
Microbot: 1 / 1
Microbot: 1 / 1
Microbot: 1 / 1
Omega Buster: 6 / 6
Bottom:
Microbot: 6 / 5
Microbot: 6 / 6
Microbot: 6 / 5
Microbot: 6 / 6
Microbot: 6 / 5
------  END OF TURN 5 -------------
----------- TURN 6 -------------
Attacker: Microbot: 6 / 5 1
Defender: Microbot: 1 / -5 2
Top:
Microbot: 1 / 1
Microbot: 1 / 1
Omega Buster: 6 / 6
Bottom:
Microbot: 6 / 5
Microbot: 6 / 5
Microbot: 6 / 5
Microbot: 6 / 6
Microbot: 6 / 5
------  END OF TURN 6 -------------
----------- TURN 7 -------------
Attacker: Microbot: 1 / -5 0
Defender: Microbot: 6 / 4 2
Top:
Microbot: 1 / 1
Omega Buster: 6 / 6
Bottom:
Microbot: 6 / 5
Microbot: 6 / 5
Microbot: 6 / 4
Microbot: 6 / 6
Microbot: 6 / 5
------  END OF TURN 7 -------------
----------- TURN 8 -------------
Attacker: Microbot: 6 / -2 2
Defender: Omega Buster: 6 / 0 7
Top:
Microbot: 1 / 1
Microbot: 1 / 1
Microbot: 1 / 1
Microbot: 1 / 1
Microbot: 1 / 1
Microbot: 1 / 1
Microbot: 1 / 1
Bottom:
Microbot: 6 / 5
Microbot: 6 / 5
Microbot: 6 / 6
Microbot: 6 / 5
------  END OF TURN 8 -------------
----------- TURN 9 -------------
Attacker: Microbot: 1 / -5 0
Defender: Microbot: 6 / 4 3
Top:
Microbot: 1 / 1
Microbot: 1 / 1
Microbot: 1 / 1
Microbot: 1 / 1
Microbot: 1 / 1
Microbot: 1 / 1
Bottom:
Microbot: 6 / 5
Microbot: 6 / 5
Microbot: 6 / 6
Microbot: 6 / 4
------  END OF TURN 9 -------------
----------- TURN 10 -------------
Attacker: Microbot: 6 / 5 2
Defender: Microbot: 1 / -5 3
Top:
Microbot: 1 / 1
Microbot: 1 / 1
Microbot: 1 / 1
Microbot: 1 / 1
Microbot: 1 / 1
Bottom:
Microbot: 6 / 5
Microbot: 6 / 5
Microbot: 6 / 5
Microbot: 6 / 4
------  END OF TURN 10 -------------
----------- TURN 11 -------------
Attacker: Microbot: 1 / -5 0
Defender: Microbot: 6 / 4 0
Top:
Microbot: 1 / 1
Microbot: 1 / 1
Microbot: 1 / 1
Microbot: 1 / 1
Bottom:
Microbot: 6 / 4
Microbot: 6 / 5
Microbot: 6 / 5
Microbot: 6 / 4
------  END OF TURN 11 -------------
----------- TURN 12 -------------
Attacker: Microbot: 6 / 3 3
Defender: Microbot: 1 / -5 0
Top:
Microbot: 1 / 1
Microbot: 1 / 1
Microbot: 1 / 1
Bottom:
Microbot: 6 / 4
Microbot: 6 / 5
Microbot: 6 / 5
Microbot: 6 / 3
------  END OF TURN 12 -------------
----------- TURN 13 -------------
Attacker: Microbot: 1 / -5 0
Defender: Microbot: 6 / 3 0
Top:
Microbot: 1 / 1
Microbot: 1 / 1
Bottom:
Microbot: 6 / 3
Microbot: 6 / 5
Microbot: 6 / 5
Microbot: 6 / 3
------  END OF TURN 13 -------------
----------- TURN 14 -------------
Attacker: Microbot: 6 / 2 0
Defender: Microbot: 1 / -5 0
Top:
Microbot: 1 / 1
Bottom:
Microbot: 6 / 2
Microbot: 6 / 5
Microbot: 6 / 5
Microbot: 6 / 3
------  END OF TURN 14 -------------
----------- TURN 15 -------------
Attacker: Microbot: 1 / -5 0
Defender: Microbot: 6 / 2 3
Top:

Bottom:
Microbot: 6 / 2
Microbot: 6 / 5
Microbot: 6 / 5
Microbot: 6 / 2
------  END OF TURN 15 -------------
----------- TURN 0 -------------
Attacker: Omega Buster: 6 / -1 1
Defender: Ghastcoiler: 7 / 1 0
Top:
Ghastcoiler: 7 / 1
Bottom:
Microbot: 6 / 6
Microbot: 6 / 6
Microbot: 6 / 6
Microbot: 6 / 6
Microbot: 6 / 6
Microbot: 6 / 6
Microbot: 6 / 6
------  END OF TURN 0 -------------
----------- TURN 1 -------------
Attacker: Ghastcoiler: 7 / -5 2
Defender: Microbot: 6 / -1 4
Top:
Spawn of N'Zoth: 2 / 2
Omega Buster: 6 / 6
Bottom:
Microbot: 6 / 6
Microbot: 6 / 6
Microbot: 6 / 6
Microbot: 6 / 6
Microbot: 6 / 6
Microbot: 6 / 6
------  END OF TURN 1 -------------
----------- TURN 2 -------------
Attacker: Microbot: 6 / 0 0
Defender: Omega Buster: 6 / 0 7
Top:
Spawn of N'Zoth: 2 / 2
Microbot: 1 / 1
Microbot: 1 / 1
Microbot: 1 / 1
Microbot: 1 / 1
Microbot: 1 / 1
Microbot: 1 / 1
Bottom:
Microbot: 6 / 6
Microbot: 6 / 6
Microbot: 6 / 6
Microbot: 6 / 6
Microbot: 6 / 6
------  END OF TURN 2 -------------
----------- TURN 3 -------------
Attacker: Spawn of N'Zoth: 2 / -4 0
Defender: Microbot: 6 / 4 2
Top:
Microbot: 2 / 2
Microbot: 2 / 2
Microbot: 2 / 2
Microbot: 2 / 2
Microbot: 2 / 2
Microbot: 2 / 2
Bottom:
Microbot: 6 / 6
Microbot: 6 / 6
Microbot: 6 / 4
Microbot: 6 / 6
Microbot: 6 / 6
------  END OF TURN 3 -------------
----------- TURN 4 -------------
Attacker: Microbot: 6 / 4 0
Defender: Microbot: 2 / -4 0
Top:
Microbot: 2 / 2
Microbot: 2 / 2
Microbot: 2 / 2
Microbot: 2 / 2
Microbot: 2 / 2
Bottom:
Microbot: 6 / 4
Microbot: 6 / 6
Microbot: 6 / 4
Microbot: 6 / 6
Microbot: 6 / 6
------  END OF TURN 4 -------------
----------- TURN 5 -------------
Attacker: Microbot: 2 / -4 0
Defender: Microbot: 6 / 2 0
Top:
Microbot: 2 / 2
Microbot: 2 / 2
Microbot: 2 / 2
Microbot: 2 / 2
Bottom:
Microbot: 6 / 2
Microbot: 6 / 6
Microbot: 6 / 4
Microbot: 6 / 6
Microbot: 6 / 6
------  END OF TURN 5 -------------
----------- TURN 6 -------------
Attacker: Microbot: 6 / 4 1
Defender: Microbot: 2 / -4 2
Top:
Microbot: 2 / 2
Microbot: 2 / 2
Microbot: 2 / 2
Bottom:
Microbot: 6 / 2
Microbot: 6 / 4
Microbot: 6 / 4
Microbot: 6 / 6
Microbot: 6 / 6
------  END OF TURN 6 -------------
----------- TURN 7 -------------
Attacker: Microbot: 2 / -4 0
Defender: Microbot: 6 / 4 4
Top:
Microbot: 2 / 2
Microbot: 2 / 2
Bottom:
Microbot: 6 / 2
Microbot: 6 / 4
Microbot: 6 / 4
Microbot: 6 / 6
Microbot: 6 / 4
------  END OF TURN 7 -------------
----------- TURN 8 -------------
Attacker: Microbot: 6 / 2 2
Defender: Microbot: 2 / -4 1
Top:
Microbot: 2 / 2
Bottom:
Microbot: 6 / 2
Microbot: 6 / 4
Microbot: 6 / 2
Microbot: 6 / 6
Microbot: 6 / 4
------  END OF TURN 8 -------------
----------- TURN 9 -------------
Attacker: Microbot: 2 / -4 0
Defender: Microbot: 6 / 2 1
Top:

Bottom:
Microbot: 6 / 2
Microbot: 6 / 2
Microbot: 6 / 2
Microbot: 6 / 6
Microbot: 6 / 4
------  END OF TURN 9 -------------
----------- TURN 0 -------------
Attacker: Omega Buster: 6 / -1 1
Defender: Ghastcoiler: 7 / 1 0
Top:
Ghastcoiler: 7 / 1
Bottom:
Microbot: 6 / 6
Microbot: 6 / 6
Microbot: 6 / 6
Microbot: 6 / 6
Microbot: 6 / 6
Microbot: 6 / 6
Microbot: 6 / 6
------  END OF TURN 0 -------------
----------- TURN 1 -------------
Attacker: Ghastcoiler: 7 / -5 2
Defender: Microbot: 6 / -1 2
Top:
Spawn of N'Zoth: 2 / 2
Omega Buster: 6 / 6
Bottom:
Microbot: 6 / 6
Microbot: 6 / 6
Microbot: 6 / 6
Microbot: 6 / 6
Microbot: 6 / 6
Microbot: 6 / 6
------  END OF TURN 1 -------------
----------- TURN 2 -------------
Attacker: Microbot: 6 / 4 0
Defender: Spawn of N'Zoth: 2 / -4 0
Top:
Omega Buster: 7 / 7
Bottom:
Microbot: 6 / 4
Microbot: 6 / 6
Microbot: 6 / 6
Microbot: 6 / 6
Microbot: 6 / 6
Microbot: 6 / 6
------  END OF TURN 2 -------------
----------- TURN 3 -------------
Attacker: Omega Buster: 7 / 1 0
Defender: Microbot: 6 / -1 5
Top:
Omega Buster: 7 / 1
Bottom:
Microbot: 6 / 4
Microbot: 6 / 6
Microbot: 6 / 6
Microbot: 6 / 6
Microbot: 6 / 6
------  END OF TURN 3 -------------
----------- TURN 4 -------------
Attacker: Microbot: 6 / -1 1
Defender: Omega Buster: 7 / -5 6
Top:
Microbot: 1 / 1
Microbot: 1 / 1
Microbot: 1 / 1
Microbot: 1 / 1
Microbot: 1 / 1
Microbot: 1 / 1
Bottom:
Microbot: 6 / 4
Microbot: 6 / 6
Microbot: 6 / 6
Microbot: 6 / 6
------  END OF TURN 4 -------------
----------- TURN 5 -------------
Attacker: Microbot: 1 / -5 0
Defender: Microbot: 6 / 5 2
Top:
Microbot: 1 / 1
Microbot: 1 / 1
Microbot: 1 / 1
Microbot: 1 / 1
Microbot: 1 / 1
Bottom:
Microbot: 6 / 4
Microbot: 6 / 6
Microbot: 6 / 5
Microbot: 6 / 6
------  END OF TURN 5 -------------
----------- TURN 6 -------------
Attacker: Microbot: 6 / 5 1
Defender: Microbot: 1 / -5 0
Top:
Microbot: 1 / 1
Microbot: 1 / 1
Microbot: 1 / 1
Microbot: 1 / 1
Bottom:
Microbot: 6 / 4
Microbot: 6 / 5
Microbot: 6 / 5
Microbot: 6 / 6
------  END OF TURN 6 -------------
----------- TURN 7 -------------
Attacker: Microbot: 1 / -5 0
Defender: Microbot: 6 / 4 2
Top:
Microbot: 1 / 1
Microbot: 1 / 1
Microbot: 1 / 1
Bottom:
Microbot: 6 / 4
Microbot: 6 / 5
Microbot: 6 / 4
Microbot: 6 / 6
------  END OF TURN 7 -------------
----------- TURN 8 -------------
Attacker: Microbot: 6 / 3 2
Defender: Microbot: 1 / -5 2
Top:
Microbot: 1 / 1
Microbot: 1 / 1
Bottom:
Microbot: 6 / 4
Microbot: 6 / 5
Microbot: 6 / 3
Microbot: 6 / 6
------  END OF TURN 8 -------------
----------- TURN 9 -------------
Attacker: Microbot: 1 / -5 0
Defender: Microbot: 6 / 2 2
Top:
Microbot: 1 / 1
Bottom:
Microbot: 6 / 4
Microbot: 6 / 5
Microbot: 6 / 2
Microbot: 6 / 6
------  END OF TURN 9 -------------
----------- TURN 10 -------------
Attacker: Microbot: 6 / 5 3
Defender: Microbot: 1 / -5 0
Top:

Bottom:
Microbot: 6 / 4
Microbot: 6 / 5
Microbot: 6 / 2
Microbot: 6 / 5
------  END OF TURN 10 -------------
----------- TURN 0 -------------
Attacker: Omega Buster: 6 / -1 1
Defender: Ghastcoiler: 7 / 1 0
Top:
Ghastcoiler: 7 / 1
Bottom:
Microbot: 6 / 6
Microbot: 6 / 6
Microbot: 6 / 6
Microbot: 6 / 6
Microbot: 6 / 6
Microbot: 6 / 6
Microbot: 6 / 6
------  END OF TURN 0 -------------
----------- TURN 1 -------------
Attacker: Ghastcoiler: 7 / -5 2
Defender: Microbot: 6 / -1 1
Top:
Spawn of N'Zoth: 2 / 2
Omega Buster: 6 / 6
Bottom:
Microbot: 6 / 6
Microbot: 6 / 6
Microbot: 6 / 6
Microbot: 6 / 6
Microbot: 6 / 6
Microbot: 6 / 6
------  END OF TURN 1 -------------
----------- TURN 2 -------------
Attacker: Microbot: 6 / 4 0
Defender: Spawn of N'Zoth: 2 / -4 0
Top:
Omega Buster: 7 / 7
Bottom:
Microbot: 6 / 4
Microbot: 6 / 6
Microbot: 6 / 6
Microbot: 6 / 6
Microbot: 6 / 6
Microbot: 6 / 6
------  END OF TURN 2 -------------
----------- TURN 3 -------------
Attacker: Omega Buster: 7 / 1 0
Defender: Microbot: 6 / -1 5
Top:
Omega Buster: 7 / 1
Bottom:
Microbot: 6 / 4
Microbot: 6 / 6
Microbot: 6 / 6
Microbot: 6 / 6
Microbot: 6 / 6
------  END OF TURN 3 -------------
----------- TURN 4 -------------
Attacker: Microbot: 6 / -1 1
Defender: Omega Buster: 7 / -5 6
Top:
Microbot: 1 / 1
Microbot: 1 / 1
Microbot: 1 / 1
Microbot: 1 / 1
Microbot: 1 / 1
Microbot: 1 / 1
Bottom:
Microbot: 6 / 4
Microbot: 6 / 6
Microbot: 6 / 6
Microbot: 6 / 6
------  END OF TURN 4 -------------
----------- TURN 5 -------------
Attacker: Microbot: 1 / -5 0
Defender: Microbot: 6 / 5 1
Top:
Microbot: 1 / 1
Microbot: 1 / 1
Microbot: 1 / 1
Microbot: 1 / 1
Microbot: 1 / 1
Bottom:
Microbot: 6 / 4
Microbot: 6 / 5
Microbot: 6 / 6
Microbot: 6 / 6
------  END OF TURN 5 -------------
----------- TURN 6 -------------
Attacker: Microbot: 6 / 4 1
Defender: Microbot: 1 / -5 4
Top:
Microbot: 1 / 1
Microbot: 1 / 1
Microbot: 1 / 1
Microbot: 1 / 1
Bottom:
Microbot: 6 / 4
Microbot: 6 / 4
Microbot: 6 / 6
Microbot: 6 / 6
------  END OF TURN 6 -------------
----------- TURN 7 -------------
Attacker: Microbot: 1 / -5 0
Defender: Microbot: 6 / 3 0
Top:
Microbot: 1 / 1
Microbot: 1 / 1
Microbot: 1 / 1
Bottom:
Microbot: 6 / 3
Microbot: 6 / 4
Microbot: 6 / 6
Microbot: 6 / 6
------  END OF TURN 7 -------------
----------- TURN 8 -------------
Attacker: Microbot: 6 / 5 2
Defender: Microbot: 1 / -5 0
Top:
Microbot: 1 / 1
Microbot: 1 / 1
Bottom:
Microbot: 6 / 3
Microbot: 6 / 4
Microbot: 6 / 5
Microbot: 6 / 6
------  END OF TURN 8 -------------
----------- TURN 9 -------------
Attacker: Microbot: 1 / -5 0
Defender: Microbot: 6 / 5 3
Top:
Microbot: 1 / 1
Bottom:
Microbot: 6 / 3
Microbot: 6 / 4
Microbot: 6 / 5
Microbot: 6 / 5
------  END OF TURN 9 -------------
----------- TURN 10 -------------
Attacker: Microbot: 6 / 4 3
Defender: Microbot: 1 / -5 0
Top:

Bottom:
Microbot: 6 / 3
Microbot: 6 / 4
Microbot: 6 / 5
Microbot: 6 / 4
------  END OF TURN 10 -------------
----------- TURN 0 -------------
Attacker: Omega Buster: 6 / -1 1
Defender: Ghastcoiler: 7 / 1 0
Top:
Ghastcoiler: 7 / 1
Bottom:
Microbot: 6 / 6
Microbot: 6 / 6
Microbot: 6 / 6
Microbot: 6 / 6
Microbot: 6 / 6
Microbot: 6 / 6
Microbot: 6 / 6
------  END OF TURN 0 -------------
----------- TURN 1 -------------
Attacker: Ghastcoiler: 7 / -5 2
Defender: Microbot: 6 / -1 4
Top:
Spawn of N'Zoth: 2 / 2
Spawn of N'Zoth: 2 / 2
Bottom:
Microbot: 6 / 6
Microbot: 6 / 6
Microbot: 6 / 6
Microbot: 6 / 6
Microbot: 6 / 6
Microbot: 6 / 6
------  END OF TURN 1 -------------
----------- TURN 2 -------------
Attacker: Microbot: 6 / 4 0
Defender: Spawn of N'Zoth: 2 / -4 0
Top:
Spawn of N'Zoth: 3 / 3
Bottom:
Microbot: 6 / 4
Microbot: 6 / 6
Microbot: 6 / 6
Microbot: 6 / 6
Microbot: 6 / 6
Microbot: 6 / 6
------  END OF TURN 2 -------------
----------- TURN 3 -------------
Attacker: Spawn of N'Zoth: 3 / -3 0
Defender: Microbot: 6 / 3 1
Top:

Bottom:
Microbot: 6 / 4
Microbot: 6 / 3
Microbot: 6 / 6
Microbot: 6 / 6
Microbot: 6 / 6
Microbot: 6 / 6
------  END OF TURN 3 -------------
----------- TURN 0 -------------
Attacker: Omega Buster: 6 / -1 1
Defender: Ghastcoiler: 7 / 1 0
Top:
Ghastcoiler: 7 / 1
Bottom:
Microbot: 6 / 6
Microbot: 6 / 6
Microbot: 6 / 6
Microbot: 6 / 6
Microbot: 6 / 6
Microbot: 6 / 6
Microbot: 6 / 6
------  END OF TURN 0 -------------
----------- TURN 1 -------------
Attacker: Ghastcoiler: 7 / -5 2
Defender: Microbot: 6 / -1 0
Top:
Omega Buster: 6 / 6
Spawn of N'Zoth: 2 / 2
Bottom:
Microbot: 6 / 6
Microbot: 6 / 6
Microbot: 6 / 6
Microbot: 6 / 6
Microbot: 6 / 6
Microbot: 6 / 6
------  END OF TURN 1 -------------
----------- TURN 2 -------------
Attacker: Microbot: 6 / 0 0
Defender: Omega Buster: 6 / 0 6
Top:
Microbot: 1 / 1
Microbot: 1 / 1
Microbot: 1 / 1
Microbot: 1 / 1
Microbot: 1 / 1
Microbot: 1 / 1
Spawn of N'Zoth: 2 / 2
Bottom:
Microbot: 6 / 6
Microbot: 6 / 6
Microbot: 6 / 6
Microbot: 6 / 6
Microbot: 6 / 6
------  END OF TURN 2 -------------
----------- TURN 3 -------------
Attacker: Microbot: 1 / -5 0
Defender: Microbot: 6 / 5 4
Top:
Microbot: 1 / 1
Microbot: 1 / 1
Microbot: 1 / 1
Microbot: 1 / 1
Microbot: 1 / 1
Spawn of N'Zoth: 2 / 2
Bottom:
Microbot: 6 / 6
Microbot: 6 / 6
Microbot: 6 / 6
Microbot: 6 / 6
Microbot: 6 / 5
------  END OF TURN 3 -------------
----------- TURN 4 -------------
Attacker: Microbot: 6 / 5 0
Defender: Microbot: 1 / -5 2
Top:
Microbot: 1 / 1
Microbot: 1 / 1
Microbot: 1 / 1
Microbot: 1 / 1
Spawn of N'Zoth: 2 / 2
Bottom:
Microbot: 6 / 5
Microbot: 6 / 6
Microbot: 6 / 6
Microbot: 6 / 6
Microbot: 6 / 5
------  END OF TURN 4 -------------
----------- TURN 5 -------------
Attacker: Microbot: 1 / -5 0
Defender: Microbot: 6 / 5 2
Top:
Microbot: 1 / 1
Microbot: 1 / 1
Microbot: 1 / 1
Spawn of N'Zoth: 2 / 2
Bottom:
Microbot: 6 / 5
Microbot: 6 / 6
Microbot: 6 / 5
Microbot: 6 / 6
Microbot: 6 / 5
------  END OF TURN 5 -------------
----------- TURN 6 -------------
Attacker: Microbot: 6 / 5 1
Defender: Microbot: 1 / -5 2
Top:
Microbot: 1 / 1
Microbot: 1 / 1
Spawn of N'Zoth: 2 / 2
Bottom:
Microbot: 6 / 5
Microbot: 6 / 5
Microbot: 6 / 5
Microbot: 6 / 6
Microbot: 6 / 5
------  END OF TURN 6 -------------
----------- TURN 7 -------------
Attacker: Microbot: 1 / -5 0
Defender: Microbot: 6 / 4 2
Top:
Microbot: 1 / 1
Spawn of N'Zoth: 2 / 2
Bottom:
Microbot: 6 / 5
Microbot: 6 / 5
Microbot: 6 / 4
Microbot: 6 / 6
Microbot: 6 / 5
------  END OF TURN 7 -------------
----------- TURN 8 -------------
Attacker: Microbot: 6 / 2 2
Defender: Spawn of N'Zoth: 2 / -4 1
Top:
Microbot: 2 / 2
Bottom:
Microbot: 6 / 5
Microbot: 6 / 5
Microbot: 6 / 2
Microbot: 6 / 6
Microbot: 6 / 5
------  END OF TURN 8 -------------
----------- TURN 9 -------------
Attacker: Microbot: 2 / -4 0
Defender: Microbot: 6 / 0 2
Top:

Bottom:
Microbot: 6 / 5
Microbot: 6 / 5
Microbot: 6 / 6
Microbot: 6 / 5
------  END OF TURN 9 -------------
----------- TURN 0 -------------
Attacker: Omega Buster: 6 / -1 1
Defender: Ghastcoiler: 7 / 1 0
Top:
Ghastcoiler: 7 / 1
Bottom:
Microbot: 6 / 6
Microbot: 6 / 6
Microbot: 6 / 6
Microbot: 6 / 6
Microbot: 6 / 6
Microbot: 6 / 6
Microbot: 6 / 6
------  END OF TURN 0 -------------
----------- TURN 1 -------------
Attacker: Ghastcoiler: 7 / -5 2
Defender: Microbot: 6 / -1 4
Top:
Omega Buster: 6 / 6
Omega Buster: 6 / 6
Bottom:
Microbot: 6 / 6
Microbot: 6 / 6
Microbot: 6 / 6
Microbot: 6 / 6
Microbot: 6 / 6
Microbot: 6 / 6
------  END OF TURN 1 -------------
----------- TURN 2 -------------
Attacker: Microbot: 6 / 0 0
Defender: Omega Buster: 6 / 0 6
Top:
Microbot: 1 / 1
Microbot: 1 / 1
Microbot: 1 / 1
Microbot: 1 / 1
Microbot: 1 / 1
Microbot: 1 / 1
Omega Buster: 6 / 6
Bottom:
Microbot: 6 / 6
Microbot: 6 / 6
Microbot: 6 / 6
Microbot: 6 / 6
Microbot: 6 / 6
------  END OF TURN 2 -------------
----------- TURN 3 -------------
Attacker: Microbot: 1 / -5 0
Defender: Microbot: 6 / 5 1
Top:
Microbot: 1 / 1
Microbot: 1 / 1
Microbot: 1 / 1
Microbot: 1 / 1
Microbot: 1 / 1
Omega Buster: 6 / 6
Bottom:
Microbot: 6 / 6
Microbot: 6 / 5
Microbot: 6 / 6
Microbot: 6 / 6
Microbot: 6 / 6
------  END OF TURN 3 -------------
----------- TURN 4 -------------
Attacker: Microbot: 6 / 5 0
Defender: Microbot: 1 / -5 2
Top:
Microbot: 1 / 1
Microbot: 1 / 1
Microbot: 1 / 1
Microbot: 1 / 1
Omega Buster: 6 / 6
Bottom:
Microbot: 6 / 5
Microbot: 6 / 5
Microbot: 6 / 6
Microbot: 6 / 6
Microbot: 6 / 6
------  END OF TURN 4 -------------
----------- TURN 5 -------------
Attacker: Microbot: 1 / -5 0
Defender: Microbot: 6 / 4 1
Top:
Microbot: 1 / 1
Microbot: 1 / 1
Microbot: 1 / 1
Omega Buster: 6 / 6
Bottom:
Microbot: 6 / 5
Microbot: 6 / 4
Microbot: 6 / 6
Microbot: 6 / 6
Microbot: 6 / 6
------  END OF TURN 5 -------------
----------- TURN 6 -------------
Attacker: Microbot: 6 / 3 1
Defender: Microbot: 1 / -5 0
Top:
Microbot: 1 / 1
Microbot: 1 / 1
Omega Buster: 6 / 6
Bottom:
Microbot: 6 / 5
Microbot: 6 / 3
Microbot: 6 / 6
Microbot: 6 / 6
Microbot: 6 / 6
------  END OF TURN 6 -------------
----------- TURN 7 -------------
Attacker: Microbot: 1 / -5 0
Defender: Microbot: 6 / 2 1
Top:
Microbot: 1 / 1
Omega Buster: 6 / 6
Bottom:
Microbot: 6 / 5
Microbot: 6 / 2
Microbot: 6 / 6
Microbot: 6 / 6
Microbot: 6 / 6
------  END OF TURN 7 -------------
----------- TURN 8 -------------
Attacker: Microbot: 6 / 5 2
Defender: Microbot: 1 / -5 0
Top:
Omega Buster: 6 / 6
Bottom:
Microbot: 6 / 5
Microbot: 6 / 2
Microbot: 6 / 5
Microbot: 6 / 6
Microbot: 6 / 6
------  END OF TURN 8 -------------
----------- TURN 9 -------------
Attacker: Omega Buster: 6 / 0 6
Defender: Microbot: 6 / -1 0
Top:
Microbot: 1 / 1
Microbot: 1 / 1
Microbot: 1 / 1
Microbot: 1 / 1
Microbot: 1 / 1
Microbot: 1 / 1
Bottom:
Microbot: 6 / 2
Microbot: 6 / 5
Microbot: 6 / 6
Microbot: 6 / 6
------  END OF TURN 9 -------------
----------- TURN 10 -------------
Attacker: Microbot: 6 / 5 2
Defender: Microbot: 1 / -5 0
Top:
Microbot: 1 / 1
Microbot: 1 / 1
Microbot: 1 / 1
Microbot: 1 / 1
Microbot: 1 / 1
Bottom:
Microbot: 6 / 2
Microbot: 6 / 5
Microbot: 6 / 5
Microbot: 6 / 6
------  END OF TURN 10 -------------
----------- TURN 11 -------------
Attacker: Microbot: 1 / -5 0
Defender: Microbot: 6 / 5 3
Top:
Microbot: 1 / 1
Microbot: 1 / 1
Microbot: 1 / 1
Microbot: 1 / 1
Bottom:
Microbot: 6 / 2
Microbot: 6 / 5
Microbot: 6 / 5
Microbot: 6 / 5
------  END OF TURN 11 -------------
----------- TURN 12 -------------
Attacker: Microbot: 6 / 4 3
Defender: Microbot: 1 / -5 2
Top:
Microbot: 1 / 1
Microbot: 1 / 1
Microbot: 1 / 1
Bottom:
Microbot: 6 / 2
Microbot: 6 / 5
Microbot: 6 / 5
Microbot: 6 / 4
------  END OF TURN 12 -------------
----------- TURN 13 -------------
Attacker: Microbot: 1 / -5 0
Defender: Microbot: 6 / 1 0
Top:
Microbot: 1 / 1
Microbot: 1 / 1
Bottom:
Microbot: 6 / 1
Microbot: 6 / 5
Microbot: 6 / 5
Microbot: 6 / 4
------  END OF TURN 13 -------------
----------- TURN 14 -------------
Attacker: Microbot: 6 / 0 0
Defender: Microbot: 1 / -5 0
Top:
Microbot: 1 / 1
Bottom:
Microbot: 6 / 5
Microbot: 6 / 5
Microbot: 6 / 4
------  END OF TURN 14 -------------
----------- TURN 15 -------------
Attacker: Microbot: 1 / -5 0
Defender: Microbot: 6 / 4 1
Top:

Bottom:
Microbot: 6 / 5
Microbot: 6 / 4
Microbot: 6 / 4
------  END OF TURN 15 -------------
----------- TURN 0 -------------
Attacker: Omega Buster: 6 / -1 1
Defender: Ghastcoiler: 7 / 1 0
Top:
Ghastcoiler: 7 / 1
Bottom:
Microbot: 6 / 6
Microbot: 6 / 6
Microbot: 6 / 6
Microbot: 6 / 6
Microbot: 6 / 6
Microbot: 6 / 6
Microbot: 6 / 6
------  END OF TURN 0 -------------
----------- TURN 1 -------------
Attacker: Ghastcoiler: 7 / -5 2
Defender: Microbot: 6 / -1 6
Top:
Omega Buster: 6 / 6
Spawn of N'Zoth: 2 / 2
Bottom:
Microbot: 6 / 6
Microbot: 6 / 6
Microbot: 6 / 6
Microbot: 6 / 6
Microbot: 6 / 6
Microbot: 6 / 6
------  END OF TURN 1 -------------
----------- TURN 2 -------------
Attacker: Microbot: 6 / 0 0
Defender: Omega Buster: 6 / 0 6
Top:
Microbot: 1 / 1
Microbot: 1 / 1
Microbot: 1 / 1
Microbot: 1 / 1
Microbot: 1 / 1
Microbot: 1 / 1
Spawn of N'Zoth: 2 / 2
Bottom:
Microbot: 6 / 6
Microbot: 6 / 6
Microbot: 6 / 6
Microbot: 6 / 6
Microbot: 6 / 6
------  END OF TURN 2 -------------
----------- TURN 3 -------------
Attacker: Microbot: 1 / -5 0
Defender: Microbot: 6 / 5 1
Top:
Microbot: 1 / 1
Microbot: 1 / 1
Microbot: 1 / 1
Microbot: 1 / 1
Microbot: 1 / 1
Spawn of N'Zoth: 2 / 2
Bottom:
Microbot: 6 / 6
Microbot: 6 / 5
Microbot: 6 / 6
Microbot: 6 / 6
Microbot: 6 / 6
------  END OF TURN 3 -------------
----------- TURN 4 -------------
Attacker: Microbot: 6 / 5 0
Defender: Microbot: 1 / -5 0
Top:
Microbot: 1 / 1
Microbot: 1 / 1
Microbot: 1 / 1
Microbot: 1 / 1
Spawn of N'Zoth: 2 / 2
Bottom:
Microbot: 6 / 5
Microbot: 6 / 5
Microbot: 6 / 6
Microbot: 6 / 6
Microbot: 6 / 6
------  END OF TURN 4 -------------
----------- TURN 5 -------------
Attacker: Microbot: 1 / -5 0
Defender: Microbot: 6 / 5 2
Top:
Microbot: 1 / 1
Microbot: 1 / 1
Microbot: 1 / 1
Spawn of N'Zoth: 2 / 2
Bottom:
Microbot: 6 / 5
Microbot: 6 / 5
Microbot: 6 / 5
Microbot: 6 / 6
Microbot: 6 / 6
------  END OF TURN 5 -------------
----------- TURN 6 -------------
Attacker: Microbot: 6 / 3 1
Defender: Spawn of N'Zoth: 2 / -4 3
Top:
Microbot: 2 / 2
Microbot: 2 / 2
Microbot: 2 / 2
Bottom:
Microbot: 6 / 5
Microbot: 6 / 3
Microbot: 6 / 5
Microbot: 6 / 6
Microbot: 6 / 6
------  END OF TURN 6 -------------
----------- TURN 7 -------------
Attacker: Microbot: 2 / -4 0
Defender: Microbot: 6 / 3 0
Top:
Microbot: 2 / 2
Microbot: 2 / 2
Bottom:
Microbot: 6 / 3
Microbot: 6 / 3
Microbot: 6 / 5
Microbot: 6 / 6
Microbot: 6 / 6
------  END OF TURN 7 -------------
----------- TURN 8 -------------
Attacker: Microbot: 6 / 3 2
Defender: Microbot: 2 / -4 0
Top:
Microbot: 2 / 2
Bottom:
Microbot: 6 / 3
Microbot: 6 / 3
Microbot: 6 / 3
Microbot: 6 / 6
Microbot: 6 / 6
------  END OF TURN 8 -------------
----------- TURN 9 -------------
Attacker: Microbot: 2 / -4 0
Defender: Microbot: 6 / 4 3
Top:

Bottom:
Microbot: 6 / 3
Microbot: 6 / 3
Microbot: 6 / 3
Microbot: 6 / 4
Microbot: 6 / 6
------  END OF TURN 9 -------------
Outcome: [100.0, 0.0, 0.0]
Average damage: [4.3, 0, 0]
